This file contains any messages produced by compilers while
running configure, to aid debugging if configure makes a mistake.

It was created by LINKS configure 2.0, which was
generated by GNU Autoconf 2.69.  Invocation command line was

  $ ./configure build_alias=x86_64-conda-linux-gnu host_alias=x86_64-conda-linux-gnu CXX=g++ CXXFLAGS= -DBOOST_MATH_DISABLE_FLOAT128 -fPIC LDFLAGS=-Wl,-O2 -Wl,--sort-common -Wl,--as-needed -Wl,-z,relro -Wl,-z,now -Wl,--disable-new-dtags -Wl,--gc-sections -Wl,-rpath,/projects/btl_scratch/tgoktas/miniconda3/lib -Wl,-rpath-link,/projects/btl_scratch/tgoktas/miniconda3/lib -L/projects/btl_scratch/tgoktas/miniconda3/lib -Wl,-rpath,/lib -L/lib CPPFLAGS=-DNDEBUG -D_FORTIFY_SOURCE=2 -O2 -isystem /projects/btl_scratch/tgoktas/miniconda3/include -I/include CC=gcc CFLAGS=-march=nocona -mtune=haswell -ftree-vectorize -fPIC -fstack-protector-strong -fno-plt -O2 -ffunction-sections -pipe -isystem /projects/btl_scratch/tgoktas/miniconda3/include -fPIC CPP=/projects/btl_scratch/tgoktas/miniconda3/bin/x86_64-conda-linux-gnu-cpp --no-create --no-recursion

## --------- ##
## Platform. ##
## --------- ##

hostname = hpcg02.hpc.bcgsc.ca
uname -m = x86_64
uname -r = 3.10.0-957.5.1.el7.x86_64
uname -s = Linux
uname -v = #1 SMP Fri Feb 1 14:54:57 UTC 2019

/usr/bin/uname -p = x86_64
/bin/uname -X     = unknown

/bin/arch              = x86_64
/usr/bin/arch -k       = unknown
/usr/convex/getsysinfo = unknown
/usr/bin/hostinfo      = unknown
/bin/machine           = unknown
/usr/bin/oslevel       = unknown
/bin/universe          = unknown

PATH: /projects/btl_scratch/tgoktas/miniconda3/bin
PATH: /projects/btl_scratch/tgoktas/miniconda3/condabin
PATH: /home/tgoktas/.local/bin
PATH: /usr/local/bin
PATH: /usr/bin
PATH: /usr/local/sbin
PATH: /usr/sbin
PATH: /opt/puppetlabs/bin
PATH: /home/tgoktas/bin


## ----------- ##
## Core tests. ##
## ----------- ##

configure:2088: checking for a BSD-compatible install
configure:2156: result: /usr/bin/install -c
configure:2167: checking whether build environment is sane
configure:2222: result: yes
configure:2373: checking for a thread-safe mkdir -p
configure:2412: result: /usr/bin/mkdir -p
configure:2419: checking for gawk
configure:2435: found /usr/bin/gawk
configure:2446: result: gawk
configure:2457: checking whether make sets $(MAKE)
configure:2479: result: yes
configure:2508: checking whether make supports nested variables
configure:2525: result: yes
configure:2764: checking for C++ compiler version
configure:2773: g++ --version >&5
g++ (GCC) 4.8.5 20150623 (Red Hat 4.8.5-36)
Copyright (C) 2015 Free Software Foundation, Inc.
This is free software; see the source for copying conditions.  There is NO
warranty; not even for MERCHANTABILITY or FITNESS FOR A PARTICULAR PURPOSE.

configure:2784: $? = 0
configure:2773: g++ -v >&5
Using built-in specs.
COLLECT_GCC=g++
COLLECT_LTO_WRAPPER=/usr/libexec/gcc/x86_64-redhat-linux/4.8.5/lto-wrapper
Target: x86_64-redhat-linux
Configured with: ../configure --prefix=/usr --mandir=/usr/share/man --infodir=/usr/share/info --with-bugurl=http://bugzilla.redhat.com/bugzilla --enable-bootstrap --enable-shared --enable-threads=posix --enable-checking=release --with-system-zlib --enable-__cxa_atexit --disable-libunwind-exceptions --enable-gnu-unique-object --enable-linker-build-id --with-linker-hash-style=gnu --enable-languages=c,c++,objc,obj-c++,java,fortran,ada,go,lto --enable-plugin --enable-initfini-array --disable-libgcj --with-isl=/builddir/build/BUILD/gcc-4.8.5-20150702/obj-x86_64-redhat-linux/isl-install --with-cloog=/builddir/build/BUILD/gcc-4.8.5-20150702/obj-x86_64-redhat-linux/cloog-install --enable-gnu-indirect-function --with-tune=generic --with-arch_32=x86-64 --build=x86_64-redhat-linux
Thread model: posix
gcc version 4.8.5 20150623 (Red Hat 4.8.5-36) (GCC) 
configure:2784: $? = 0
configure:2773: g++ -V >&5
g++: error: unrecognized command line option '-V'
g++: fatal error: no input files
compilation terminated.
configure:2784: $? = 4
configure:2773: g++ -qversion >&5
g++: error: unrecognized command line option '-qversion'
g++: fatal error: no input files
compilation terminated.
configure:2784: $? = 4
configure:2804: checking whether the C++ compiler works
configure:2826: g++  -DBOOST_MATH_DISABLE_FLOAT128 -fPIC -DNDEBUG -D_FORTIFY_SOURCE=2 -O2 -isystem /projects/btl_scratch/tgoktas/miniconda3/include -I/include -Wl,-O2 -Wl,--sort-common -Wl,--as-needed -Wl,-z,relro -Wl,-z,now -Wl,--disable-new-dtags -Wl,--gc-sections -Wl,-rpath,/projects/btl_scratch/tgoktas/miniconda3/lib -Wl,-rpath-link,/projects/btl_scratch/tgoktas/miniconda3/lib -L/projects/btl_scratch/tgoktas/miniconda3/lib -Wl,-rpath,/lib -L/lib conftest.cpp  >&5
configure:2830: $? = 0
configure:2878: result: yes
configure:2881: checking for C++ compiler default output file name
configure:2883: result: a.out
configure:2889: checking for suffix of executables
configure:2896: g++ -o conftest  -DBOOST_MATH_DISABLE_FLOAT128 -fPIC -DNDEBUG -D_FORTIFY_SOURCE=2 -O2 -isystem /projects/btl_scratch/tgoktas/miniconda3/include -I/include -Wl,-O2 -Wl,--sort-common -Wl,--as-needed -Wl,-z,relro -Wl,-z,now -Wl,--disable-new-dtags -Wl,--gc-sections -Wl,-rpath,/projects/btl_scratch/tgoktas/miniconda3/lib -Wl,-rpath-link,/projects/btl_scratch/tgoktas/miniconda3/lib -L/projects/btl_scratch/tgoktas/miniconda3/lib -Wl,-rpath,/lib -L/lib conftest.cpp  >&5
configure:2900: $? = 0
configure:2922: result: 
configure:2944: checking whether we are cross compiling
configure:2952: g++ -o conftest  -DBOOST_MATH_DISABLE_FLOAT128 -fPIC -DNDEBUG -D_FORTIFY_SOURCE=2 -O2 -isystem /projects/btl_scratch/tgoktas/miniconda3/include -I/include -Wl,-O2 -Wl,--sort-common -Wl,--as-needed -Wl,-z,relro -Wl,-z,now -Wl,--disable-new-dtags -Wl,--gc-sections -Wl,-rpath,/projects/btl_scratch/tgoktas/miniconda3/lib -Wl,-rpath-link,/projects/btl_scratch/tgoktas/miniconda3/lib -L/projects/btl_scratch/tgoktas/miniconda3/lib -Wl,-rpath,/lib -L/lib conftest.cpp  >&5
configure:2956: $? = 0
configure:2963: ./conftest
configure:2967: $? = 0
configure:2982: result: no
configure:2987: checking for suffix of object files
configure:3009: g++ -c  -DBOOST_MATH_DISABLE_FLOAT128 -fPIC -DNDEBUG -D_FORTIFY_SOURCE=2 -O2 -isystem /projects/btl_scratch/tgoktas/miniconda3/include -I/include conftest.cpp >&5
configure:3013: $? = 0
configure:3034: result: o
configure:3038: checking whether we are using the GNU C++ compiler
configure:3057: g++ -c  -DBOOST_MATH_DISABLE_FLOAT128 -fPIC -DNDEBUG -D_FORTIFY_SOURCE=2 -O2 -isystem /projects/btl_scratch/tgoktas/miniconda3/include -I/include conftest.cpp >&5
configure:3057: $? = 0
configure:3066: result: yes
configure:3075: checking whether g++ accepts -g
configure:3095: g++ -c -g -DNDEBUG -D_FORTIFY_SOURCE=2 -O2 -isystem /projects/btl_scratch/tgoktas/miniconda3/include -I/include conftest.cpp >&5
configure:3095: $? = 0
configure:3136: result: yes
configure:3162: checking whether make supports the include directive
configure:3177: make -f confmf.GNU && cat confinc.out
make[1]: Entering directory `/projects/btl_scratch/tgoktas/LINKS_release_tests/LINKS/releases/links_v2.0'
make[1]: Leaving directory `/projects/btl_scratch/tgoktas/LINKS_release_tests/LINKS/releases/links_v2.0'
this is the am__doit target
configure:3180: $? = 0
configure:3199: result: yes (GNU style)
configure:3224: checking dependency style of g++
configure:3335: result: gcc3
configure:3364: checking for x86_64-conda-linux-gnu-gcc
configure:3391: result: gcc
configure:3660: checking for C compiler version
configure:3669: gcc --version >&5
gcc (GCC) 11.1.0
Copyright (C) 2021 Free Software Foundation, Inc.
This is free software; see the source for copying conditions.  There is NO
warranty; not even for MERCHANTABILITY or FITNESS FOR A PARTICULAR PURPOSE.

configure:3680: $? = 0
configure:3669: gcc -v >&5
Reading specs from /projects/btl_scratch/tgoktas/miniconda3/bin/../lib/gcc/x86_64-conda-linux-gnu/11.1.0/specs
COLLECT_GCC=gcc
COLLECT_LTO_WRAPPER=/projects/btl_scratch/tgoktas/miniconda3/bin/../libexec/gcc/x86_64-conda-linux-gnu/11.1.0/lto-wrapper
Target: x86_64-conda-linux-gnu
Configured with: ../configure --prefix=/home/conda/feedstock_root/build_artifacts/gcc_compilers_1628138005912/_h_env_placehold_placehold_placehold_placehold_placehold_placehold_placehold_placehold_placehold_placehold_placehold_placehold_placehold_placehold_placehold_placehold_placehold_placeho --with-slibdir=/home/conda/feedstock_root/build_artifacts/gcc_compilers_1628138005912/_h_env_placehold_placehold_placehold_placehold_placehold_placehold_placehold_placehold_placehold_placehold_placehold_placehold_placehold_placehold_placehold_placehold_placehold_placeho/lib --libdir=/home/conda/feedstock_root/build_artifacts/gcc_compilers_1628138005912/_h_env_placehold_placehold_placehold_placehold_placehold_placehold_placehold_placehold_placehold_placehold_placehold_placehold_placehold_placehold_placehold_placehold_placehold_placeho/lib --build=x86_64-conda-linux-gnu --host=x86_64-conda-linux-gnu --target=x86_64-conda-linux-gnu --enable-default-pie --enable-languages=c,c++,fortran,objc,obj-c++ --enable-__cxa_atexit --disable-libmudflap --enable-libgomp --disable-libssp --enable-libquadmath --enable-libquadmath-support --enable-libsanitizer --enable-lto --enable-threads=posix --enable-target-optspace --enable-plugin --enable-gold --disable-nls --disable-bootstrap --disable-multilib --enable-long-long --enable-default-pie --with-sysroot=/home/conda/feedstock_root/build_artifacts/gcc_compilers_1628138005912/_h_env_placehold_placehold_placehold_placehold_placehold_placehold_placehold_placehold_placehold_placehold_placehold_placehold_placehold_placehold_placehold_placehold_placehold_placeho/x86_64-conda-linux-gnu/sysroot --with-build-sysroot=/home/conda/feedstock_root/build_artifacts/gcc_compilers_1628138005912/_build_env/x86_64-conda-linux-gnu/sysroot --with-gxx-include-dir=/home/conda/feedstock_root/build_artifacts/gcc_compilers_1628138005912/_h_env_placehold_placehold_placehold_placehold_placehold_placehold_placehold_placehold_placehold_placehold_placehold_placehold_placehold_placehold_placehold_placehold_placehold_placeho/x86_64-conda-linux-gnu/include/c++/11.1.0
Thread model: posix
Supported LTO compression algorithms: zlib
gcc version 11.1.0 (GCC) 
configure:3680: $? = 0
configure:3669: gcc -V >&5
gcc: error: unrecognized command-line option '-V'
gcc: fatal error: no input files
compilation terminated.
configure:3680: $? = 1
configure:3669: gcc -qversion >&5
gcc: error: unrecognized command-line option '-qversion'; did you mean '--version'?
gcc: fatal error: no input files
compilation terminated.
configure:3680: $? = 1
configure:3684: checking whether we are using the GNU C compiler
configure:3703: gcc -c -march=nocona -mtune=haswell -ftree-vectorize -fPIC -fstack-protector-strong -fno-plt -O2 -ffunction-sections -pipe -isystem /projects/btl_scratch/tgoktas/miniconda3/include -fPIC -DNDEBUG -D_FORTIFY_SOURCE=2 -O2 -isystem /projects/btl_scratch/tgoktas/miniconda3/include -I/include conftest.c >&5
configure:3703: $? = 0
configure:3712: result: yes
configure:3721: checking whether gcc accepts -g
configure:3741: gcc -c -g -DNDEBUG -D_FORTIFY_SOURCE=2 -O2 -isystem /projects/btl_scratch/tgoktas/miniconda3/include -I/include conftest.c >&5
configure:3741: $? = 0
configure:3782: result: yes
configure:3799: checking for gcc option to accept ISO C89
configure:3862: gcc  -c -march=nocona -mtune=haswell -ftree-vectorize -fPIC -fstack-protector-strong -fno-plt -O2 -ffunction-sections -pipe -isystem /projects/btl_scratch/tgoktas/miniconda3/include -fPIC -DNDEBUG -D_FORTIFY_SOURCE=2 -O2 -isystem /projects/btl_scratch/tgoktas/miniconda3/include -I/include conftest.c >&5
configure:3862: $? = 0
configure:3875: result: none needed
configure:3900: checking whether gcc understands -c and -o together
configure:3922: gcc -c conftest.c -o conftest2.o
configure:3925: $? = 0
configure:3922: gcc -c conftest.c -o conftest2.o
configure:3925: $? = 0
configure:3937: result: yes
configure:3956: checking dependency style of gcc
configure:4067: result: gcc3
configure:4088: checking how to run the C preprocessor
configure:4158: result: /projects/btl_scratch/tgoktas/miniconda3/bin/x86_64-conda-linux-gnu-cpp
configure:4178: /projects/btl_scratch/tgoktas/miniconda3/bin/x86_64-conda-linux-gnu-cpp -DNDEBUG -D_FORTIFY_SOURCE=2 -O2 -isystem /projects/btl_scratch/tgoktas/miniconda3/include -I/include conftest.c
configure:4178: $? = 0
configure:4192: /projects/btl_scratch/tgoktas/miniconda3/bin/x86_64-conda-linux-gnu-cpp -DNDEBUG -D_FORTIFY_SOURCE=2 -O2 -isystem /projects/btl_scratch/tgoktas/miniconda3/include -I/include conftest.c
conftest.c:11:10: fatal error: ac_nonexistent.h: No such file or directory
   11 | #include <ac_nonexistent.h>
      |          ^~~~~~~~~~~~~~~~~~
compilation terminated.
configure:4192: $? = 1
configure: failed program was:
| /* confdefs.h */
| #define PACKAGE_NAME "LINKS"
| #define PACKAGE_TARNAME "links"
| #define PACKAGE_VERSION "2.0"
| #define PACKAGE_STRING "LINKS 2.0"
| #define PACKAGE_BUGREPORT "rwarren@bcgsc.ca"
| #define PACKAGE_URL ""
| #define PACKAGE "links"
| #define VERSION "2.0"
| /* end confdefs.h.  */
| #include <ac_nonexistent.h>
configure:4221: checking for grep that handles long lines and -e
configure:4279: result: /usr/bin/grep
configure:4284: checking for egrep
configure:4346: result: /usr/bin/grep -E
configure:4351: checking for ANSI C header files
configure:4371: gcc -c -march=nocona -mtune=haswell -ftree-vectorize -fPIC -fstack-protector-strong -fno-plt -O2 -ffunction-sections -pipe -isystem /projects/btl_scratch/tgoktas/miniconda3/include -fPIC -DNDEBUG -D_FORTIFY_SOURCE=2 -O2 -isystem /projects/btl_scratch/tgoktas/miniconda3/include -I/include conftest.c >&5
configure:4371: $? = 0
configure:4444: gcc -o conftest -march=nocona -mtune=haswell -ftree-vectorize -fPIC -fstack-protector-strong -fno-plt -O2 -ffunction-sections -pipe -isystem /projects/btl_scratch/tgoktas/miniconda3/include -fPIC -DNDEBUG -D_FORTIFY_SOURCE=2 -O2 -isystem /projects/btl_scratch/tgoktas/miniconda3/include -I/include -Wl,-O2 -Wl,--sort-common -Wl,--as-needed -Wl,-z,relro -Wl,-z,now -Wl,--disable-new-dtags -Wl,--gc-sections -Wl,-rpath,/projects/btl_scratch/tgoktas/miniconda3/lib -Wl,-rpath-link,/projects/btl_scratch/tgoktas/miniconda3/lib -L/projects/btl_scratch/tgoktas/miniconda3/lib -Wl,-rpath,/lib -L/lib conftest.c  >&5
configure:4444: $? = 0
configure:4444: ./conftest
configure:4444: $? = 0
configure:4455: result: yes
configure:4468: checking for sys/types.h
configure:4468: gcc -c -march=nocona -mtune=haswell -ftree-vectorize -fPIC -fstack-protector-strong -fno-plt -O2 -ffunction-sections -pipe -isystem /projects/btl_scratch/tgoktas/miniconda3/include -fPIC -DNDEBUG -D_FORTIFY_SOURCE=2 -O2 -isystem /projects/btl_scratch/tgoktas/miniconda3/include -I/include conftest.c >&5
configure:4468: $? = 0
configure:4468: result: yes
configure:4468: checking for sys/stat.h
configure:4468: gcc -c -march=nocona -mtune=haswell -ftree-vectorize -fPIC -fstack-protector-strong -fno-plt -O2 -ffunction-sections -pipe -isystem /projects/btl_scratch/tgoktas/miniconda3/include -fPIC -DNDEBUG -D_FORTIFY_SOURCE=2 -O2 -isystem /projects/btl_scratch/tgoktas/miniconda3/include -I/include conftest.c >&5
configure:4468: $? = 0
configure:4468: result: yes
configure:4468: checking for stdlib.h
configure:4468: gcc -c -march=nocona -mtune=haswell -ftree-vectorize -fPIC -fstack-protector-strong -fno-plt -O2 -ffunction-sections -pipe -isystem /projects/btl_scratch/tgoktas/miniconda3/include -fPIC -DNDEBUG -D_FORTIFY_SOURCE=2 -O2 -isystem /projects/btl_scratch/tgoktas/miniconda3/include -I/include conftest.c >&5
configure:4468: $? = 0
configure:4468: result: yes
configure:4468: checking for string.h
configure:4468: gcc -c -march=nocona -mtune=haswell -ftree-vectorize -fPIC -fstack-protector-strong -fno-plt -O2 -ffunction-sections -pipe -isystem /projects/btl_scratch/tgoktas/miniconda3/include -fPIC -DNDEBUG -D_FORTIFY_SOURCE=2 -O2 -isystem /projects/btl_scratch/tgoktas/miniconda3/include -I/include conftest.c >&5
configure:4468: $? = 0
configure:4468: result: yes
configure:4468: checking for memory.h
configure:4468: gcc -c -march=nocona -mtune=haswell -ftree-vectorize -fPIC -fstack-protector-strong -fno-plt -O2 -ffunction-sections -pipe -isystem /projects/btl_scratch/tgoktas/miniconda3/include -fPIC -DNDEBUG -D_FORTIFY_SOURCE=2 -O2 -isystem /projects/btl_scratch/tgoktas/miniconda3/include -I/include conftest.c >&5
configure:4468: $? = 0
configure:4468: result: yes
configure:4468: checking for strings.h
configure:4468: gcc -c -march=nocona -mtune=haswell -ftree-vectorize -fPIC -fstack-protector-strong -fno-plt -O2 -ffunction-sections -pipe -isystem /projects/btl_scratch/tgoktas/miniconda3/include -fPIC -DNDEBUG -D_FORTIFY_SOURCE=2 -O2 -isystem /projects/btl_scratch/tgoktas/miniconda3/include -I/include conftest.c >&5
configure:4468: $? = 0
configure:4468: result: yes
configure:4468: checking for inttypes.h
configure:4468: gcc -c -march=nocona -mtune=haswell -ftree-vectorize -fPIC -fstack-protector-strong -fno-plt -O2 -ffunction-sections -pipe -isystem /projects/btl_scratch/tgoktas/miniconda3/include -fPIC -DNDEBUG -D_FORTIFY_SOURCE=2 -O2 -isystem /projects/btl_scratch/tgoktas/miniconda3/include -I/include conftest.c >&5
configure:4468: $? = 0
configure:4468: result: yes
configure:4468: checking for stdint.h
configure:4468: gcc -c -march=nocona -mtune=haswell -ftree-vectorize -fPIC -fstack-protector-strong -fno-plt -O2 -ffunction-sections -pipe -isystem /projects/btl_scratch/tgoktas/miniconda3/include -fPIC -DNDEBUG -D_FORTIFY_SOURCE=2 -O2 -isystem /projects/btl_scratch/tgoktas/miniconda3/include -I/include conftest.c >&5
configure:4468: $? = 0
configure:4468: result: yes
configure:4468: checking for unistd.h
configure:4468: gcc -c -march=nocona -mtune=haswell -ftree-vectorize -fPIC -fstack-protector-strong -fno-plt -O2 -ffunction-sections -pipe -isystem /projects/btl_scratch/tgoktas/miniconda3/include -fPIC -DNDEBUG -D_FORTIFY_SOURCE=2 -O2 -isystem /projects/btl_scratch/tgoktas/miniconda3/include -I/include conftest.c >&5
configure:4468: $? = 0
configure:4468: result: yes
configure:4480: checking for size_t
configure:4480: gcc -c -march=nocona -mtune=haswell -ftree-vectorize -fPIC -fstack-protector-strong -fno-plt -O2 -ffunction-sections -pipe -isystem /projects/btl_scratch/tgoktas/miniconda3/include -fPIC -DNDEBUG -D_FORTIFY_SOURCE=2 -O2 -isystem /projects/btl_scratch/tgoktas/miniconda3/include -I/include conftest.c >&5
configure:4480: $? = 0
configure:4480: gcc -c -march=nocona -mtune=haswell -ftree-vectorize -fPIC -fstack-protector-strong -fno-plt -O2 -ffunction-sections -pipe -isystem /projects/btl_scratch/tgoktas/miniconda3/include -fPIC -DNDEBUG -D_FORTIFY_SOURCE=2 -O2 -isystem /projects/btl_scratch/tgoktas/miniconda3/include -I/include conftest.c >&5
conftest.c: In function 'main':
conftest.c:57:21: error: expected expression before ')' token
   57 | if (sizeof ((size_t)))
      |                     ^
configure:4480: $? = 1
configure: failed program was:
| /* confdefs.h */
| #define PACKAGE_NAME "LINKS"
| #define PACKAGE_TARNAME "links"
| #define PACKAGE_VERSION "2.0"
| #define PACKAGE_STRING "LINKS 2.0"
| #define PACKAGE_BUGREPORT "rwarren@bcgsc.ca"
| #define PACKAGE_URL ""
| #define PACKAGE "links"
| #define VERSION "2.0"
| #define STDC_HEADERS 1
| #define HAVE_SYS_TYPES_H 1
| #define HAVE_SYS_STAT_H 1
| #define HAVE_STDLIB_H 1
| #define HAVE_STRING_H 1
| #define HAVE_MEMORY_H 1
| #define HAVE_STRINGS_H 1
| #define HAVE_INTTYPES_H 1
| #define HAVE_STDINT_H 1
| #define HAVE_UNISTD_H 1
| /* end confdefs.h.  */
| #include <stdio.h>
| #ifdef HAVE_SYS_TYPES_H
| # include <sys/types.h>
| #endif
| #ifdef HAVE_SYS_STAT_H
| # include <sys/stat.h>
| #endif
| #ifdef STDC_HEADERS
| # include <stdlib.h>
| # include <stddef.h>
| #else
| # ifdef HAVE_STDLIB_H
| #  include <stdlib.h>
| # endif
| #endif
| #ifdef HAVE_STRING_H
| # if !defined STDC_HEADERS && defined HAVE_MEMORY_H
| #  include <memory.h>
| # endif
| # include <string.h>
| #endif
| #ifdef HAVE_STRINGS_H
| # include <strings.h>
| #endif
| #ifdef HAVE_INTTYPES_H
| # include <inttypes.h>
| #endif
| #ifdef HAVE_STDINT_H
| # include <stdint.h>
| #endif
| #ifdef HAVE_UNISTD_H
| # include <unistd.h>
| #endif
| int
| main ()
| {
| if (sizeof ((size_t)))
| 	    return 0;
|   ;
|   return 0;
| }
configure:4480: result: yes
configure:4606: checking that generated files are newer than configure
configure:4612: result: done
configure:4639: creating ./config.status

## ---------------- ##
## Cache variables. ##
## ---------------- ##

ac_cv_c_compiler_gnu=yes
ac_cv_cxx_compiler_gnu=yes
ac_cv_env_CCC_set=
ac_cv_env_CCC_value=
ac_cv_env_CC_set=set
ac_cv_env_CC_value=gcc
ac_cv_env_CFLAGS_set=set
ac_cv_env_CFLAGS_value='-march=nocona -mtune=haswell -ftree-vectorize -fPIC -fstack-protector-strong -fno-plt -O2 -ffunction-sections -pipe -isystem /projects/btl_scratch/tgoktas/miniconda3/include -fPIC'
ac_cv_env_CPPFLAGS_set=set
ac_cv_env_CPPFLAGS_value='-DNDEBUG -D_FORTIFY_SOURCE=2 -O2 -isystem /projects/btl_scratch/tgoktas/miniconda3/include -I/include'
ac_cv_env_CPP_set=set
ac_cv_env_CPP_value=/projects/btl_scratch/tgoktas/miniconda3/bin/x86_64-conda-linux-gnu-cpp
ac_cv_env_CXXFLAGS_set=set
ac_cv_env_CXXFLAGS_value=' -DBOOST_MATH_DISABLE_FLOAT128 -fPIC'
ac_cv_env_CXX_set=set
ac_cv_env_CXX_value=g++
ac_cv_env_LDFLAGS_set=set
ac_cv_env_LDFLAGS_value='-Wl,-O2 -Wl,--sort-common -Wl,--as-needed -Wl,-z,relro -Wl,-z,now -Wl,--disable-new-dtags -Wl,--gc-sections -Wl,-rpath,/projects/btl_scratch/tgoktas/miniconda3/lib -Wl,-rpath-link,/projects/btl_scratch/tgoktas/miniconda3/lib -L/projects/btl_scratch/tgoktas/miniconda3/lib -Wl,-rpath,/lib -L/lib'
ac_cv_env_LIBS_set=
ac_cv_env_LIBS_value=
ac_cv_env_build_alias_set=set
ac_cv_env_build_alias_value=x86_64-conda-linux-gnu
ac_cv_env_host_alias_set=set
ac_cv_env_host_alias_value=x86_64-conda-linux-gnu
ac_cv_env_target_alias_set=
ac_cv_env_target_alias_value=
ac_cv_header_inttypes_h=yes
ac_cv_header_memory_h=yes
ac_cv_header_stdc=yes
ac_cv_header_stdint_h=yes
ac_cv_header_stdlib_h=yes
ac_cv_header_string_h=yes
ac_cv_header_strings_h=yes
ac_cv_header_sys_stat_h=yes
ac_cv_header_sys_types_h=yes
ac_cv_header_unistd_h=yes
ac_cv_objext=o
ac_cv_path_EGREP='/usr/bin/grep -E'
ac_cv_path_GREP=/usr/bin/grep
ac_cv_path_install='/usr/bin/install -c'
ac_cv_path_mkdir=/usr/bin/mkdir
ac_cv_prog_AWK=gawk
ac_cv_prog_CC=gcc
ac_cv_prog_CPP=/projects/btl_scratch/tgoktas/miniconda3/bin/x86_64-conda-linux-gnu-cpp
ac_cv_prog_cc_c89=
ac_cv_prog_cc_g=yes
ac_cv_prog_cxx_g=yes
ac_cv_prog_make_make_set=yes
ac_cv_type_size_t=yes
am_cv_CC_dependencies_compiler_type=gcc3
am_cv_CXX_dependencies_compiler_type=gcc3
am_cv_make_support_nested_variables=yes
am_cv_prog_cc_c_o=yes

## ----------------- ##
## Output variables. ##
## ----------------- ##

ACLOCAL='${SHELL} /projects/btl_scratch/tgoktas/LINKS_release_tests/LINKS/releases/links_v2.0/missing aclocal-1.16'
AMDEPBACKSLASH='\'
AMDEP_FALSE='#'
AMDEP_TRUE=''
AMTAR='$${TAR-tar}'
AM_BACKSLASH='\'
AM_CXXFLAGS='-std=c++11'
AM_DEFAULT_V='$(AM_DEFAULT_VERBOSITY)'
AM_DEFAULT_VERBOSITY='1'
AM_V='$(V)'
AUTOCONF='${SHELL} /projects/btl_scratch/tgoktas/LINKS_release_tests/LINKS/releases/links_v2.0/missing autoconf'
AUTOHEADER='${SHELL} /projects/btl_scratch/tgoktas/LINKS_release_tests/LINKS/releases/links_v2.0/missing autoheader'
AUTOMAKE='${SHELL} /projects/btl_scratch/tgoktas/LINKS_release_tests/LINKS/releases/links_v2.0/missing automake-1.16'
AWK='gawk'
CC='gcc'
CCDEPMODE='depmode=gcc3'
CFLAGS='-march=nocona -mtune=haswell -ftree-vectorize -fPIC -fstack-protector-strong -fno-plt -O2 -ffunction-sections -pipe -isystem /projects/btl_scratch/tgoktas/miniconda3/include -fPIC'
CPP='/projects/btl_scratch/tgoktas/miniconda3/bin/x86_64-conda-linux-gnu-cpp'
CPPFLAGS='-DNDEBUG -D_FORTIFY_SOURCE=2 -O2 -isystem /projects/btl_scratch/tgoktas/miniconda3/include -I/include'
CXX='g++'
CXXDEPMODE='depmode=gcc3'
CXXFLAGS=' -DBOOST_MATH_DISABLE_FLOAT128 -fPIC'
CYGPATH_W='echo'
DEFS='-DHAVE_CONFIG_H'
DEPDIR='.deps'
ECHO_C=''
ECHO_N='-n'
ECHO_T=''
EGREP='/usr/bin/grep -E'
EXEEXT=''
GREP='/usr/bin/grep'
INSTALL_DATA='${INSTALL} -m 644'
INSTALL_PROGRAM='${INSTALL}'
INSTALL_SCRIPT='${INSTALL}'
INSTALL_STRIP_PROGRAM='$(install_sh) -c -s'
LDFLAGS='-Wl,-O2 -Wl,--sort-common -Wl,--as-needed -Wl,-z,relro -Wl,-z,now -Wl,--disable-new-dtags -Wl,--gc-sections -Wl,-rpath,/projects/btl_scratch/tgoktas/miniconda3/lib -Wl,-rpath-link,/projects/btl_scratch/tgoktas/miniconda3/lib -L/projects/btl_scratch/tgoktas/miniconda3/lib -Wl,-rpath,/lib -L/lib'
LIBOBJS=''
LIBS=''
LTLIBOBJS=''
MAKEINFO='${SHELL} /projects/btl_scratch/tgoktas/LINKS_release_tests/LINKS/releases/links_v2.0/missing makeinfo'
MKDIR_P='/usr/bin/mkdir -p'
OBJEXT='o'
PACKAGE='links'
PACKAGE_BUGREPORT='rwarren@bcgsc.ca'
PACKAGE_NAME='LINKS'
PACKAGE_STRING='LINKS 2.0'
PACKAGE_TARNAME='links'
PACKAGE_URL=''
PACKAGE_VERSION='2.0'
PATH_SEPARATOR=':'
SET_MAKE=''
SHELL='/bin/sh'
STRIP='strip'
VERSION='2.0'
ac_ct_CC=''
ac_ct_CXX=''
am__EXEEXT_FALSE=''
am__EXEEXT_TRUE='#'
am__fastdepCC_FALSE='#'
am__fastdepCC_TRUE=''
am__fastdepCXX_FALSE='#'
am__fastdepCXX_TRUE=''
am__include='include'
am__isrc=''
am__leading_dot='.'
am__nodep='_no'
am__quote=''
am__tar='$${TAR-tar} chof - "$$tardir"'
am__untar='$${TAR-tar} xf -'
bindir='${exec_prefix}/bin'
build_alias='x86_64-conda-linux-gnu'
datadir='${datarootdir}'
datarootdir='${prefix}/share'
docdir='${datarootdir}/doc/${PACKAGE_TARNAME}'
dvidir='${docdir}'
exec_prefix='${prefix}'
host_alias='x86_64-conda-linux-gnu'
htmldir='${docdir}'
includedir='${prefix}/include'
infodir='${datarootdir}/info'
install_sh='${SHELL} /projects/btl_scratch/tgoktas/LINKS_release_tests/LINKS/releases/links_v2.0/install-sh'
libdir='${exec_prefix}/lib'
libexecdir='${exec_prefix}/libexec'
localedir='${datarootdir}/locale'
localstatedir='${prefix}/var'
mandir='${datarootdir}/man'
mkdir_p='$(MKDIR_P)'
oldincludedir='/usr/include'
pdfdir='${docdir}'
prefix='/usr/local'
program_transform_name='s,x,x,'
psdir='${docdir}'
sbindir='${exec_prefix}/sbin'
sharedstatedir='${prefix}/com'
sysconfdir='${prefix}/etc'
target_alias=''

## ----------- ##
## confdefs.h. ##
## ----------- ##

/* confdefs.h */
#define PACKAGE_NAME "LINKS"
#define PACKAGE_TARNAME "links"
#define PACKAGE_VERSION "2.0"
#define PACKAGE_STRING "LINKS 2.0"
#define PACKAGE_BUGREPORT "rwarren@bcgsc.ca"
#define PACKAGE_URL ""
#define PACKAGE "links"
#define VERSION "2.0"
#define STDC_HEADERS 1
#define HAVE_SYS_TYPES_H 1
#define HAVE_SYS_STAT_H 1
#define HAVE_STDLIB_H 1
#define HAVE_STRING_H 1
#define HAVE_MEMORY_H 1
#define HAVE_STRINGS_H 1
#define HAVE_INTTYPES_H 1
#define HAVE_STDINT_H 1
#define HAVE_UNISTD_H 1

configure: exit 0

## ---------------------- ##
## Running config.status. ##
## ---------------------- ##

This file was extended by LINKS config.status 2.0, which was
generated by GNU Autoconf 2.69.  Invocation command line was

  CONFIG_FILES    = 
  CONFIG_HEADERS  = 
  CONFIG_LINKS    = 
  CONFIG_COMMANDS = 
  $ ./config.status 

on hpcg02.hpc.bcgsc.ca

config.status:862: creating Makefile
config.status:862: creating src/Makefile
config.status:862: creating config.h
config.status:1091: executing depfiles commands
config.status:1168: cd src       && sed -e '/# am--include-marker/d' Makefile         | make -f - am--depfiles
make[1]: Entering directory `/projects/btl_scratch/tgoktas/LINKS_release_tests/LINKS/releases/links_v2.0/src'
make[1]: Nothing to be done for `am--depfiles'.
make[1]: Leaving directory `/projects/btl_scratch/tgoktas/LINKS_release_tests/LINKS/releases/links_v2.0/src'
config.status:1173: $? = 0

## ---------------------- ##
## Running config.status. ##
## ---------------------- ##

This file was extended by LINKS config.status 2.0, which was
generated by GNU Autoconf 2.69.  Invocation command line was

  CONFIG_FILES    = 
  CONFIG_HEADERS  = 
  CONFIG_LINKS    = 
  CONFIG_COMMANDS = 
  $ ./config.status config.h

on hpcg02.hpc.bcgsc.ca

config.status:862: creating config.h
